2019-10-20 14:48:54 - INFO - Namespace(batch_size=128, epochs=100, logs_folder='logs', lr_step_gamma=0.1, lr_step_size=30, plots_folder='plots', train_data='./../../data/food-101/food-101/train_val_test/', trained_models_folder='trained_models')
2019-10-20 14:48:54 - INFO - Train size 70700, Val size 15150, Test size 15150
2019-10-20 14:48:54 - INFO - Class names:['apple_pie', 'baby_back_ribs', 'baklava', 'beef_carpaccio', 'beef_tartare', 'beet_salad', 'beignets', 'bibimbap', 'bread_pudding', 'breakfast_burrito', 'bruschetta', 'caesar_salad', 'cannoli', 'caprese_salad', 'carrot_cake', 'ceviche', 'cheese_plate', 'cheesecake', 'chicken_curry', 'chicken_quesadilla', 'chicken_wings', 'chocolate_cake', 'chocolate_mousse', 'churros', 'clam_chowder', 'club_sandwich', 'crab_cakes', 'creme_brulee', 'croque_madame', 'cup_cakes', 'deviled_eggs', 'donuts', 'dumplings', 'edamame', 'eggs_benedict', 'escargots', 'falafel', 'filet_mignon', 'fish_and_chips', 'foie_gras', 'french_fries', 'french_onion_soup', 'french_toast', 'fried_calamari', 'fried_rice', 'frozen_yogurt', 'garlic_bread', 'gnocchi', 'greek_salad', 'grilled_cheese_sandwich', 'grilled_salmon', 'guacamole', 'gyoza', 'hamburger', 'hot_and_sour_soup', 'hot_dog', 'huevos_rancheros', 'hummus', 'ice_cream', 'lasagna', 'lobster_bisque', 'lobster_roll_sandwich', 'macaroni_and_cheese', 'macarons', 'miso_soup', 'mussels', 'nachos', 'omelette', 'onion_rings', 'oysters', 'pad_thai', 'paella', 'pancakes', 'panna_cotta', 'peking_duck', 'pho', 'pizza', 'pork_chop', 'poutine', 'prime_rib', 'pulled_pork_sandwich', 'ramen', 'ravioli', 'red_velvet_cake', 'risotto', 'samosa', 'sashimi', 'scallops', 'seaweed_salad', 'shrimp_and_grits', 'spaghetti_bolognese', 'spaghetti_carbonara', 'spring_rolls', 'steak', 'strawberry_shortcake', 'sushi', 'tacos', 'takoyaki', 'tiramisu', 'tuna_tartare', 'waffles']
2019-10-20 14:48:54 - INFO - Total number of GPUs:8
2019-10-20 14:48:58 - INFO - Using 8 GPUs.
2019-10-20 14:49:03 - INFO - 
Epoch 0/99
2019-10-20 14:49:03 - INFO - Learning rate [0.01]
2019-10-20 14:58:09 - INFO - 	train loss: 2.4392, train accuracy: 0.4143
2019-10-20 14:59:09 - INFO - 	val loss: 1.2895, val accuracy: 0.6632
2019-10-20 14:59:10 - INFO - 
Epoch 1/99
2019-10-20 14:59:10 - INFO - Learning rate [0.01]
2019-10-20 15:07:45 - INFO - 	train loss: 1.6569, train accuracy: 0.5848
2019-10-20 15:08:45 - INFO - 	val loss: 1.2042, val accuracy: 0.6944
2019-10-20 15:08:46 - INFO - 
Epoch 2/99
2019-10-20 15:08:46 - INFO - Learning rate [0.01]
2019-10-20 15:17:21 - INFO - 	train loss: 1.4778, train accuracy: 0.6270
2019-10-20 15:18:21 - INFO - 	val loss: 1.1015, val accuracy: 0.7223
2019-10-20 15:18:23 - INFO - 
Epoch 3/99
2019-10-20 15:18:23 - INFO - Learning rate [0.01]
2019-10-20 15:26:58 - INFO - 	train loss: 1.3754, train accuracy: 0.6493
2019-10-20 15:27:58 - INFO - 	val loss: 1.0801, val accuracy: 0.7352
2019-10-20 15:27:59 - INFO - 
Epoch 4/99
2019-10-20 15:27:59 - INFO - Learning rate [0.01]
2019-10-20 15:36:34 - INFO - 	train loss: 1.2822, train accuracy: 0.6723
2019-10-20 15:37:34 - INFO - 	val loss: 1.0636, val accuracy: 0.7401
2019-10-20 15:37:35 - INFO - 
Epoch 5/99
2019-10-20 15:37:35 - INFO - Learning rate [0.01]
2019-10-20 15:46:10 - INFO - 	train loss: 1.2232, train accuracy: 0.6868
2019-10-20 15:47:10 - INFO - 	val loss: 1.0194, val accuracy: 0.7464
2019-10-20 15:47:12 - INFO - 
Epoch 6/99
2019-10-20 15:47:12 - INFO - Learning rate [0.01]
2019-10-20 15:55:46 - INFO - 	train loss: 1.1593, train accuracy: 0.7014
2019-10-20 15:56:46 - INFO - 	val loss: 0.9321, val accuracy: 0.7655
2019-10-20 15:56:48 - INFO - 
Epoch 7/99
2019-10-20 15:56:48 - INFO - Learning rate [0.01]
2019-10-20 16:05:22 - INFO - 	train loss: 1.1159, train accuracy: 0.7103
2019-10-20 16:06:22 - INFO - 	val loss: 0.9165, val accuracy: 0.7751
2019-10-20 16:06:23 - INFO - 
Epoch 8/99
2019-10-20 16:06:23 - INFO - Learning rate [0.01]
2019-10-20 16:14:58 - INFO - 	train loss: 1.0617, train accuracy: 0.7256
2019-10-20 16:15:58 - INFO - 	val loss: 0.9276, val accuracy: 0.7747
2019-10-20 16:15:58 - INFO - 
Epoch 9/99
2019-10-20 16:15:58 - INFO - Learning rate [0.01]
2019-10-20 16:24:32 - INFO - 	train loss: 1.0213, train accuracy: 0.7350
2019-10-20 16:25:32 - INFO - 	val loss: 0.8770, val accuracy: 0.7806
2019-10-20 16:25:34 - INFO - 
Epoch 10/99
2019-10-20 16:25:34 - INFO - Learning rate [0.01]
2019-10-20 16:34:09 - INFO - 	train loss: 0.9858, train accuracy: 0.7420
2019-10-20 16:35:09 - INFO - 	val loss: 0.9229, val accuracy: 0.7780
2019-10-20 16:35:09 - INFO - 
Epoch 11/99
2019-10-20 16:35:09 - INFO - Learning rate [0.01]
2019-10-20 16:43:43 - INFO - 	train loss: 0.9558, train accuracy: 0.7482
2019-10-20 16:44:43 - INFO - 	val loss: 0.9075, val accuracy: 0.7880
2019-10-20 16:44:44 - INFO - 
Epoch 12/99
2019-10-20 16:44:44 - INFO - Learning rate [0.01]
2019-10-20 16:53:19 - INFO - 	train loss: 0.9170, train accuracy: 0.7576
2019-10-20 16:54:19 - INFO - 	val loss: 0.9492, val accuracy: 0.7845
2019-10-20 16:54:19 - INFO - 
Epoch 13/99
2019-10-20 16:54:19 - INFO - Learning rate [0.01]
2019-10-20 17:02:54 - INFO - 	train loss: 0.8849, train accuracy: 0.7646
2019-10-20 17:03:54 - INFO - 	val loss: 0.8672, val accuracy: 0.7976
2019-10-20 17:03:55 - INFO - 
Epoch 14/99
2019-10-20 17:03:55 - INFO - Learning rate [0.01]
2019-10-20 17:12:30 - INFO - 	train loss: 0.8551, train accuracy: 0.7750
2019-10-20 17:13:30 - INFO - 	val loss: 0.8372, val accuracy: 0.7952
2019-10-20 17:13:30 - INFO - 
Epoch 15/99
2019-10-20 17:13:30 - INFO - Learning rate [0.01]
2019-10-20 17:22:04 - INFO - 	train loss: 0.8350, train accuracy: 0.7793
2019-10-20 17:23:04 - INFO - 	val loss: 0.9651, val accuracy: 0.7856
2019-10-20 17:23:04 - INFO - 
Epoch 16/99
2019-10-20 17:23:04 - INFO - Learning rate [0.01]
2019-10-20 17:31:38 - INFO - 	train loss: 0.8077, train accuracy: 0.7849
2019-10-20 17:32:38 - INFO - 	val loss: 0.8276, val accuracy: 0.8096
2019-10-20 17:32:40 - INFO - 
Epoch 17/99
2019-10-20 17:32:40 - INFO - Learning rate [0.01]
2019-10-20 17:41:14 - INFO - 	train loss: 0.7832, train accuracy: 0.7920
2019-10-20 17:42:14 - INFO - 	val loss: 0.8503, val accuracy: 0.8033
2019-10-20 17:42:14 - INFO - 
Epoch 18/99
2019-10-20 17:42:14 - INFO - Learning rate [0.01]
2019-10-20 17:50:48 - INFO - 	train loss: 0.7668, train accuracy: 0.7951
2019-10-20 17:51:48 - INFO - 	val loss: 0.8702, val accuracy: 0.7994
2019-10-20 17:51:48 - INFO - 
Epoch 19/99
2019-10-20 17:51:48 - INFO - Learning rate [0.01]
2019-10-20 18:00:23 - INFO - 	train loss: 0.7421, train accuracy: 0.8022
2019-10-20 18:01:23 - INFO - 	val loss: 0.8995, val accuracy: 0.7980
2019-10-20 18:01:23 - INFO - 
Epoch 20/99
2019-10-20 18:01:23 - INFO - Learning rate [0.01]
2019-10-20 18:09:58 - INFO - 	train loss: 0.7211, train accuracy: 0.8065
2019-10-20 18:10:58 - INFO - 	val loss: 0.9244, val accuracy: 0.7909
2019-10-20 18:10:58 - INFO - 
Epoch 21/99
2019-10-20 18:10:58 - INFO - Learning rate [0.01]
2019-10-20 18:19:32 - INFO - 	train loss: 0.7072, train accuracy: 0.8105
2019-10-20 18:20:32 - INFO - 	val loss: 0.8883, val accuracy: 0.8016
2019-10-20 18:20:32 - INFO - 
Epoch 22/99
2019-10-20 18:20:32 - INFO - Learning rate [0.01]
2019-10-20 18:29:06 - INFO - 	train loss: 0.6863, train accuracy: 0.8159
2019-10-20 18:30:06 - INFO - 	val loss: 0.8738, val accuracy: 0.8053
2019-10-20 18:30:06 - INFO - 
Epoch 23/99
2019-10-20 18:30:06 - INFO - Learning rate [0.01]
2019-10-20 18:38:41 - INFO - 	train loss: 0.6767, train accuracy: 0.8174
2019-10-20 18:39:41 - INFO - 	val loss: 0.8792, val accuracy: 0.8012
2019-10-20 18:39:41 - INFO - 
Epoch 24/99
2019-10-20 18:39:41 - INFO - Learning rate [0.01]
2019-10-20 18:48:15 - INFO - 	train loss: 0.6622, train accuracy: 0.8227
2019-10-20 18:49:15 - INFO - 	val loss: 0.9044, val accuracy: 0.8060
2019-10-20 18:49:15 - INFO - 
Epoch 25/99
2019-10-20 18:49:15 - INFO - Learning rate [0.01]
2019-10-20 18:57:50 - INFO - 	train loss: 0.6491, train accuracy: 0.8260
2019-10-20 18:58:50 - INFO - 	val loss: 0.9091, val accuracy: 0.8076
2019-10-20 18:58:50 - INFO - 
Epoch 26/99
2019-10-20 18:58:50 - INFO - Learning rate [0.01]
2019-10-20 19:07:24 - INFO - 	train loss: 0.6264, train accuracy: 0.8314
2019-10-20 19:08:24 - INFO - 	val loss: 0.9178, val accuracy: 0.8068
2019-10-20 19:08:24 - INFO - 
Epoch 27/99
2019-10-20 19:08:24 - INFO - Learning rate [0.01]
2019-10-20 19:16:58 - INFO - 	train loss: 0.6161, train accuracy: 0.8338
2019-10-20 19:17:58 - INFO - 	val loss: 0.9390, val accuracy: 0.8020
2019-10-20 19:17:58 - INFO - 
Epoch 28/99
2019-10-20 19:17:58 - INFO - Learning rate [0.01]
2019-10-20 19:26:33 - INFO - 	train loss: 0.5936, train accuracy: 0.8383
2019-10-20 19:27:33 - INFO - 	val loss: 0.9257, val accuracy: 0.8053
2019-10-20 19:27:33 - INFO - 
Epoch 29/99
2019-10-20 19:27:33 - INFO - Learning rate [0.01]
2019-10-20 19:36:07 - INFO - 	train loss: 0.5817, train accuracy: 0.8415
2019-10-20 19:37:07 - INFO - 	val loss: 0.9071, val accuracy: 0.8180
2019-10-20 19:37:09 - INFO - 
Epoch 30/99
2019-10-20 19:37:09 - INFO - Learning rate [0.001]
2019-10-20 19:45:42 - INFO - 	train loss: 0.4443, train accuracy: 0.8800
2019-10-20 19:46:42 - INFO - 	val loss: 0.7297, val accuracy: 0.8462
2019-10-20 19:46:44 - INFO - 
Epoch 31/99
2019-10-20 19:46:44 - INFO - Learning rate [0.001]
2019-10-20 19:55:18 - INFO - 	train loss: 0.3895, train accuracy: 0.8954
2019-10-20 19:56:18 - INFO - 	val loss: 0.7135, val accuracy: 0.8473
2019-10-20 19:56:20 - INFO - 
Epoch 32/99
2019-10-20 19:56:20 - INFO - Learning rate [0.001]
2019-10-20 20:04:53 - INFO - 	train loss: 0.3674, train accuracy: 0.9011
2019-10-20 20:05:53 - INFO - 	val loss: 0.7166, val accuracy: 0.8474
2019-10-20 20:05:55 - INFO - 
Epoch 33/99
2019-10-20 20:05:55 - INFO - Learning rate [0.001]
2019-10-20 20:14:29 - INFO - 	train loss: 0.3533, train accuracy: 0.9052
2019-10-20 20:15:29 - INFO - 	val loss: 0.7210, val accuracy: 0.8480
2019-10-20 20:15:31 - INFO - 
Epoch 34/99
2019-10-20 20:15:31 - INFO - Learning rate [0.001]
2019-10-20 20:24:05 - INFO - 	train loss: 0.3367, train accuracy: 0.9101
2019-10-20 20:25:05 - INFO - 	val loss: 0.7105, val accuracy: 0.8492
2019-10-20 20:25:07 - INFO - 
Epoch 35/99
2019-10-20 20:25:07 - INFO - Learning rate [0.001]
2019-10-20 20:33:41 - INFO - 	train loss: 0.3324, train accuracy: 0.9099
2019-10-20 20:34:41 - INFO - 	val loss: 0.7128, val accuracy: 0.8506
2019-10-20 20:34:42 - INFO - 
Epoch 36/99
2019-10-20 20:34:42 - INFO - Learning rate [0.001]
2019-10-20 20:43:17 - INFO - 	train loss: 0.3205, train accuracy: 0.9148
2019-10-20 20:44:16 - INFO - 	val loss: 0.7260, val accuracy: 0.8485
2019-10-20 20:44:16 - INFO - 
Epoch 37/99
2019-10-20 20:44:16 - INFO - Learning rate [0.001]
2019-10-20 20:52:51 - INFO - 	train loss: 0.3209, train accuracy: 0.9137
2019-10-20 20:53:51 - INFO - 	val loss: 0.7170, val accuracy: 0.8525
2019-10-20 20:53:52 - INFO - 
Epoch 38/99
2019-10-20 20:53:52 - INFO - Learning rate [0.001]
2019-10-20 21:02:27 - INFO - 	train loss: 0.3068, train accuracy: 0.9180
2019-10-20 21:03:27 - INFO - 	val loss: 0.7119, val accuracy: 0.8533
2019-10-20 21:03:28 - INFO - 
Epoch 39/99
2019-10-20 21:03:28 - INFO - Learning rate [0.001]
2019-10-20 21:12:03 - INFO - 	train loss: 0.3009, train accuracy: 0.9188
2019-10-20 21:13:03 - INFO - 	val loss: 0.7138, val accuracy: 0.8527
2019-10-20 21:13:03 - INFO - 
Epoch 40/99
2019-10-20 21:13:03 - INFO - Learning rate [0.001]
2019-10-20 21:21:36 - INFO - 	train loss: 0.3025, train accuracy: 0.9190
2019-10-20 21:22:36 - INFO - 	val loss: 0.7191, val accuracy: 0.8526
2019-10-20 21:22:36 - INFO - 
Epoch 41/99
2019-10-20 21:22:36 - INFO - Learning rate [0.001]
2019-10-20 21:31:11 - INFO - 	train loss: 0.2952, train accuracy: 0.9209
2019-10-20 21:32:11 - INFO - 	val loss: 0.7185, val accuracy: 0.8505
2019-10-20 21:32:11 - INFO - 
Epoch 42/99
2019-10-20 21:32:11 - INFO - Learning rate [0.001]
2019-10-20 21:40:46 - INFO - 	train loss: 0.2845, train accuracy: 0.9233
2019-10-20 21:41:46 - INFO - 	val loss: 0.7391, val accuracy: 0.8517
2019-10-20 21:41:46 - INFO - 
Epoch 43/99
2019-10-20 21:41:46 - INFO - Learning rate [0.001]
2019-10-20 21:50:20 - INFO - 	train loss: 0.2891, train accuracy: 0.9231
2019-10-20 21:51:20 - INFO - 	val loss: 0.7172, val accuracy: 0.8510
2019-10-20 21:51:20 - INFO - 
Epoch 44/99
2019-10-20 21:51:20 - INFO - Learning rate [0.001]
2019-10-20 21:59:55 - INFO - 	train loss: 0.2898, train accuracy: 0.9231
2019-10-20 22:00:55 - INFO - 	val loss: 0.7301, val accuracy: 0.8535
2019-10-20 22:00:56 - INFO - 
Epoch 45/99
2019-10-20 22:00:56 - INFO - Learning rate [0.001]
2019-10-20 22:09:31 - INFO - 	train loss: 0.2775, train accuracy: 0.9252
2019-10-20 22:10:31 - INFO - 	val loss: 0.7322, val accuracy: 0.8508
2019-10-20 22:10:31 - INFO - 
Epoch 46/99
2019-10-20 22:10:31 - INFO - Learning rate [0.001]
2019-10-20 22:19:05 - INFO - 	train loss: 0.2774, train accuracy: 0.9250
2019-10-20 22:20:05 - INFO - 	val loss: 0.7362, val accuracy: 0.8531
2019-10-20 22:20:05 - INFO - 
Epoch 47/99
2019-10-20 22:20:05 - INFO - Learning rate [0.001]
2019-10-20 22:28:40 - INFO - 	train loss: 0.2759, train accuracy: 0.9258
2019-10-20 22:29:40 - INFO - 	val loss: 0.7327, val accuracy: 0.8508
2019-10-20 22:29:40 - INFO - 
Epoch 48/99
2019-10-20 22:29:40 - INFO - Learning rate [0.001]
2019-10-20 22:38:14 - INFO - 	train loss: 0.2704, train accuracy: 0.9265
2019-10-20 22:39:14 - INFO - 	val loss: 0.7574, val accuracy: 0.8502
2019-10-20 22:39:14 - INFO - 
Epoch 49/99
2019-10-20 22:39:14 - INFO - Learning rate [0.001]
2019-10-20 22:47:48 - INFO - 	train loss: 0.2712, train accuracy: 0.9279
2019-10-20 22:48:48 - INFO - 	val loss: 0.7383, val accuracy: 0.8486
2019-10-20 22:48:48 - INFO - 
Epoch 50/99
2019-10-20 22:48:48 - INFO - Learning rate [0.001]
2019-10-20 22:57:22 - INFO - 	train loss: 0.2682, train accuracy: 0.9286
2019-10-20 22:58:22 - INFO - 	val loss: 0.7291, val accuracy: 0.8512
2019-10-20 22:58:22 - INFO - 
Epoch 51/99
2019-10-20 22:58:22 - INFO - Learning rate [0.001]
2019-10-20 23:06:57 - INFO - 	train loss: 0.2634, train accuracy: 0.9295
2019-10-20 23:07:57 - INFO - 	val loss: 0.7262, val accuracy: 0.8510
2019-10-20 23:07:57 - INFO - 
Epoch 52/99
2019-10-20 23:07:57 - INFO - Learning rate [0.001]
2019-10-20 23:16:31 - INFO - 	train loss: 0.2608, train accuracy: 0.9304
2019-10-20 23:17:31 - INFO - 	val loss: 0.7340, val accuracy: 0.8509
2019-10-20 23:17:31 - INFO - 
Epoch 53/99
2019-10-20 23:17:31 - INFO - Learning rate [0.001]
2019-10-20 23:26:05 - INFO - 	train loss: 0.2633, train accuracy: 0.9296
2019-10-20 23:27:05 - INFO - 	val loss: 0.7314, val accuracy: 0.8511
2019-10-20 23:27:05 - INFO - 
Epoch 54/99
2019-10-20 23:27:05 - INFO - Learning rate [0.001]
2019-10-20 23:35:40 - INFO - 	train loss: 0.2667, train accuracy: 0.9293
2019-10-20 23:36:40 - INFO - 	val loss: 0.7398, val accuracy: 0.8500
2019-10-20 23:36:40 - INFO - 
Epoch 55/99
2019-10-20 23:36:40 - INFO - Learning rate [0.001]
2019-10-20 23:45:14 - INFO - 	train loss: 0.2635, train accuracy: 0.9297
2019-10-20 23:46:14 - INFO - 	val loss: 0.7350, val accuracy: 0.8528
2019-10-20 23:46:14 - INFO - 
Epoch 56/99
2019-10-20 23:46:14 - INFO - Learning rate [0.001]
2019-10-20 23:54:48 - INFO - 	train loss: 0.2524, train accuracy: 0.9322
2019-10-20 23:55:48 - INFO - 	val loss: 0.7339, val accuracy: 0.8520
2019-10-20 23:55:48 - INFO - 
Epoch 57/99
2019-10-20 23:55:48 - INFO - Learning rate [0.001]
2019-10-21 00:04:23 - INFO - 	train loss: 0.2574, train accuracy: 0.9310
2019-10-21 00:05:23 - INFO - 	val loss: 0.7225, val accuracy: 0.8514
2019-10-21 00:05:23 - INFO - 
Epoch 58/99
2019-10-21 00:05:23 - INFO - Learning rate [0.001]
2019-10-21 00:13:57 - INFO - 	train loss: 0.2530, train accuracy: 0.9322
2019-10-21 00:14:57 - INFO - 	val loss: 0.7333, val accuracy: 0.8516
2019-10-21 00:14:57 - INFO - 
Epoch 59/99
2019-10-21 00:14:57 - INFO - Learning rate [0.001]
2019-10-21 00:23:31 - INFO - 	train loss: 0.2535, train accuracy: 0.9333
2019-10-21 00:24:31 - INFO - 	val loss: 0.7403, val accuracy: 0.8528
2019-10-21 00:24:31 - INFO - 
Epoch 60/99
2019-10-21 00:24:31 - INFO - Learning rate [0.00010000000000000002]
2019-10-21 00:33:06 - INFO - 	train loss: 0.2537, train accuracy: 0.9312
2019-10-21 00:34:06 - INFO - 	val loss: 0.7315, val accuracy: 0.8525
2019-10-21 00:34:06 - INFO - 
Epoch 61/99
2019-10-21 00:34:06 - INFO - Learning rate [0.00010000000000000002]
2019-10-21 00:42:40 - INFO - 	train loss: 0.2443, train accuracy: 0.9352
2019-10-21 00:43:40 - INFO - 	val loss: 0.7331, val accuracy: 0.8521
2019-10-21 00:43:40 - INFO - 
Epoch 62/99
2019-10-21 00:43:40 - INFO - Learning rate [0.00010000000000000002]
2019-10-21 00:52:15 - INFO - 	train loss: 0.2481, train accuracy: 0.9340
2019-10-21 00:53:15 - INFO - 	val loss: 0.7380, val accuracy: 0.8510
2019-10-21 00:53:15 - INFO - 
Epoch 63/99
2019-10-21 00:53:15 - INFO - Learning rate [0.00010000000000000002]
2019-10-21 01:01:48 - INFO - 	train loss: 0.2431, train accuracy: 0.9352
2019-10-21 01:02:48 - INFO - 	val loss: 0.7257, val accuracy: 0.8522
2019-10-21 01:02:48 - INFO - 
Epoch 64/99
2019-10-21 01:02:48 - INFO - Learning rate [0.00010000000000000002]
2019-10-21 01:11:22 - INFO - 	train loss: 0.2420, train accuracy: 0.9355
2019-10-21 01:12:22 - INFO - 	val loss: 0.7250, val accuracy: 0.8532
2019-10-21 01:12:22 - INFO - 
Epoch 65/99
2019-10-21 01:12:22 - INFO - Learning rate [0.00010000000000000002]
2019-10-21 01:20:57 - INFO - 	train loss: 0.2454, train accuracy: 0.9342
2019-10-21 01:21:57 - INFO - 	val loss: 0.7237, val accuracy: 0.8531
2019-10-21 01:21:57 - INFO - 
Epoch 66/99
2019-10-21 01:21:57 - INFO - Learning rate [0.00010000000000000002]
2019-10-21 01:30:31 - INFO - 	train loss: 0.2395, train accuracy: 0.9358
2019-10-21 01:31:31 - INFO - 	val loss: 0.7174, val accuracy: 0.8545
2019-10-21 01:31:32 - INFO - 
Epoch 67/99
2019-10-21 01:31:32 - INFO - Learning rate [0.00010000000000000002]
2019-10-21 01:40:06 - INFO - 	train loss: 0.2393, train accuracy: 0.9356
2019-10-21 01:41:06 - INFO - 	val loss: 0.7418, val accuracy: 0.8512
2019-10-21 01:41:06 - INFO - 
Epoch 68/99
2019-10-21 01:41:06 - INFO - Learning rate [0.00010000000000000002]
2019-10-21 01:49:41 - INFO - 	train loss: 0.2395, train accuracy: 0.9360
2019-10-21 01:50:41 - INFO - 	val loss: 0.7243, val accuracy: 0.8539
2019-10-21 01:50:41 - INFO - 
Epoch 69/99
2019-10-21 01:50:41 - INFO - Learning rate [0.00010000000000000002]
2019-10-21 01:59:15 - INFO - 	train loss: 0.2405, train accuracy: 0.9358
2019-10-21 02:00:15 - INFO - 	val loss: 0.7300, val accuracy: 0.8521
2019-10-21 02:00:15 - INFO - 
Epoch 70/99
2019-10-21 02:00:15 - INFO - Learning rate [0.00010000000000000002]
2019-10-21 02:08:50 - INFO - 	train loss: 0.2353, train accuracy: 0.9369
2019-10-21 02:09:50 - INFO - 	val loss: 0.7324, val accuracy: 0.8539
2019-10-21 02:09:50 - INFO - 
Epoch 71/99
2019-10-21 02:09:50 - INFO - Learning rate [0.00010000000000000002]
2019-10-21 02:18:24 - INFO - 	train loss: 0.2339, train accuracy: 0.9375
2019-10-21 02:19:24 - INFO - 	val loss: 0.7243, val accuracy: 0.8520
2019-10-21 02:19:24 - INFO - 
Epoch 72/99
2019-10-21 02:19:24 - INFO - Learning rate [0.00010000000000000002]
2019-10-21 02:27:58 - INFO - 	train loss: 0.2387, train accuracy: 0.9362
2019-10-21 02:28:58 - INFO - 	val loss: 0.7308, val accuracy: 0.8553
2019-10-21 02:29:00 - INFO - 
Epoch 73/99
2019-10-21 02:29:00 - INFO - Learning rate [0.00010000000000000002]
2019-10-21 02:37:34 - INFO - 	train loss: 0.2408, train accuracy: 0.9364
2019-10-21 02:38:34 - INFO - 	val loss: 0.7290, val accuracy: 0.8532
2019-10-21 02:38:34 - INFO - 
Epoch 74/99
2019-10-21 02:38:34 - INFO - Learning rate [0.00010000000000000002]
2019-10-21 02:47:08 - INFO - 	train loss: 0.2364, train accuracy: 0.9370
2019-10-21 02:48:08 - INFO - 	val loss: 0.7244, val accuracy: 0.8510
2019-10-21 02:48:08 - INFO - 
Epoch 75/99
2019-10-21 02:48:08 - INFO - Learning rate [0.00010000000000000002]
2019-10-21 02:56:42 - INFO - 	train loss: 0.2356, train accuracy: 0.9371
2019-10-21 02:57:42 - INFO - 	val loss: 0.7472, val accuracy: 0.8526
2019-10-21 02:57:42 - INFO - 
Epoch 76/99
2019-10-21 02:57:42 - INFO - Learning rate [0.00010000000000000002]
2019-10-21 03:06:16 - INFO - 	train loss: 0.2422, train accuracy: 0.9361
2019-10-21 03:07:16 - INFO - 	val loss: 0.7284, val accuracy: 0.8539
2019-10-21 03:07:16 - INFO - 
Epoch 77/99
2019-10-21 03:07:16 - INFO - Learning rate [0.00010000000000000002]
2019-10-21 03:15:50 - INFO - 	train loss: 0.2349, train accuracy: 0.9374
2019-10-21 03:16:50 - INFO - 	val loss: 0.7258, val accuracy: 0.8546
2019-10-21 03:16:50 - INFO - 
Epoch 78/99
2019-10-21 03:16:50 - INFO - Learning rate [0.00010000000000000002]
2019-10-21 03:25:25 - INFO - 	train loss: 0.2307, train accuracy: 0.9381
2019-10-21 03:26:25 - INFO - 	val loss: 0.7290, val accuracy: 0.8540
2019-10-21 03:26:25 - INFO - 
Epoch 79/99
2019-10-21 03:26:25 - INFO - Learning rate [0.00010000000000000002]
2019-10-21 03:34:59 - INFO - 	train loss: 0.2352, train accuracy: 0.9369
2019-10-21 03:35:59 - INFO - 	val loss: 0.7311, val accuracy: 0.8519
2019-10-21 03:35:59 - INFO - 
Epoch 80/99
2019-10-21 03:35:59 - INFO - Learning rate [0.00010000000000000002]
2019-10-21 03:44:33 - INFO - 	train loss: 0.2330, train accuracy: 0.9379
2019-10-21 03:45:33 - INFO - 	val loss: 0.7354, val accuracy: 0.8540
2019-10-21 03:45:33 - INFO - 
Epoch 81/99
2019-10-21 03:45:33 - INFO - Learning rate [0.00010000000000000002]
2019-10-21 03:54:07 - INFO - 	train loss: 0.2420, train accuracy: 0.9358
2019-10-21 03:55:07 - INFO - 	val loss: 0.7245, val accuracy: 0.8525
2019-10-21 03:55:07 - INFO - 
Epoch 82/99
2019-10-21 03:55:07 - INFO - Learning rate [0.00010000000000000002]
2019-10-21 04:03:41 - INFO - 	train loss: 0.2321, train accuracy: 0.9379
2019-10-21 04:04:41 - INFO - 	val loss: 0.7430, val accuracy: 0.8512
2019-10-21 04:04:41 - INFO - 
Epoch 83/99
2019-10-21 04:04:41 - INFO - Learning rate [0.00010000000000000002]
2019-10-21 04:13:15 - INFO - 	train loss: 0.2298, train accuracy: 0.9389
2019-10-21 04:14:15 - INFO - 	val loss: 0.7258, val accuracy: 0.8534
2019-10-21 04:14:15 - INFO - 
Epoch 84/99
2019-10-21 04:14:15 - INFO - Learning rate [0.00010000000000000002]
2019-10-21 04:22:50 - INFO - 	train loss: 0.2359, train accuracy: 0.9367
2019-10-21 04:23:49 - INFO - 	val loss: 0.7446, val accuracy: 0.8535
2019-10-21 04:23:49 - INFO - 
Epoch 85/99
2019-10-21 04:23:49 - INFO - Learning rate [0.00010000000000000002]
2019-10-21 04:32:24 - INFO - 	train loss: 0.2314, train accuracy: 0.9379
2019-10-21 04:33:24 - INFO - 	val loss: 0.7311, val accuracy: 0.8532
2019-10-21 04:33:24 - INFO - 
Epoch 86/99
2019-10-21 04:33:24 - INFO - Learning rate [0.00010000000000000002]
2019-10-21 04:41:58 - INFO - 	train loss: 0.2279, train accuracy: 0.9385
2019-10-21 04:42:58 - INFO - 	val loss: 0.7312, val accuracy: 0.8523
2019-10-21 04:42:58 - INFO - 
Epoch 87/99
2019-10-21 04:42:58 - INFO - Learning rate [0.00010000000000000002]
2019-10-21 04:51:32 - INFO - 	train loss: 0.2333, train accuracy: 0.9373
2019-10-21 04:52:32 - INFO - 	val loss: 0.7223, val accuracy: 0.8560
2019-10-21 04:52:33 - INFO - 
Epoch 88/99
2019-10-21 04:52:33 - INFO - Learning rate [0.00010000000000000002]
2019-10-21 05:01:08 - INFO - 	train loss: 0.2298, train accuracy: 0.9388
2019-10-21 05:02:08 - INFO - 	val loss: 0.7331, val accuracy: 0.8517
2019-10-21 05:02:08 - INFO - 
Epoch 89/99
2019-10-21 05:02:08 - INFO - Learning rate [0.00010000000000000002]
2019-10-21 05:10:42 - INFO - 	train loss: 0.2349, train accuracy: 0.9385
2019-10-21 05:11:42 - INFO - 	val loss: 0.7287, val accuracy: 0.8545
2019-10-21 05:11:42 - INFO - 
Epoch 90/99
2019-10-21 05:11:42 - INFO - Learning rate [1.0000000000000003e-05]
2019-10-21 05:20:16 - INFO - 	train loss: 0.2310, train accuracy: 0.9379
2019-10-21 05:21:16 - INFO - 	val loss: 0.7313, val accuracy: 0.8508
2019-10-21 05:21:16 - INFO - 
Epoch 91/99
2019-10-21 05:21:16 - INFO - Learning rate [1.0000000000000003e-05]
2019-10-21 05:29:51 - INFO - 	train loss: 0.2337, train accuracy: 0.9372
2019-10-21 05:30:51 - INFO - 	val loss: 0.7321, val accuracy: 0.8523
2019-10-21 05:30:51 - INFO - 
Epoch 92/99
2019-10-21 05:30:51 - INFO - Learning rate [1.0000000000000003e-05]
2019-10-21 05:39:25 - INFO - 	train loss: 0.2305, train accuracy: 0.9384
2019-10-21 05:40:25 - INFO - 	val loss: 0.7250, val accuracy: 0.8552
2019-10-21 05:40:25 - INFO - 
Epoch 93/99
2019-10-21 05:40:25 - INFO - Learning rate [1.0000000000000003e-05]
2019-10-21 05:48:59 - INFO - 	train loss: 0.2337, train accuracy: 0.9375
2019-10-21 05:49:59 - INFO - 	val loss: 0.7335, val accuracy: 0.8535
2019-10-21 05:49:59 - INFO - 
Epoch 94/99
2019-10-21 05:49:59 - INFO - Learning rate [1.0000000000000003e-05]
2019-10-21 05:58:33 - INFO - 	train loss: 0.2327, train accuracy: 0.9378
2019-10-21 05:59:32 - INFO - 	val loss: 0.7198, val accuracy: 0.8537
2019-10-21 05:59:32 - INFO - 
Epoch 95/99
2019-10-21 05:59:32 - INFO - Learning rate [1.0000000000000003e-05]
2019-10-21 06:08:07 - INFO - 	train loss: 0.2321, train accuracy: 0.9385
2019-10-21 06:09:07 - INFO - 	val loss: 0.7322, val accuracy: 0.8533
2019-10-21 06:09:07 - INFO - 
Epoch 96/99
2019-10-21 06:09:07 - INFO - Learning rate [1.0000000000000003e-05]
2019-10-21 06:17:41 - INFO - 	train loss: 0.2344, train accuracy: 0.9378
2019-10-21 06:18:41 - INFO - 	val loss: 0.7226, val accuracy: 0.8538
2019-10-21 06:18:41 - INFO - 
Epoch 97/99
2019-10-21 06:18:41 - INFO - Learning rate [1.0000000000000003e-05]
2019-10-21 06:27:15 - INFO - 	train loss: 0.2321, train accuracy: 0.9381
2019-10-21 06:28:15 - INFO - 	val loss: 0.7445, val accuracy: 0.8529
2019-10-21 06:28:15 - INFO - 
Epoch 98/99
2019-10-21 06:28:15 - INFO - Learning rate [1.0000000000000003e-05]
2019-10-21 06:36:50 - INFO - 	train loss: 0.2293, train accuracy: 0.9381
2019-10-21 06:37:50 - INFO - 	val loss: 0.7385, val accuracy: 0.8525
2019-10-21 06:37:50 - INFO - 
Epoch 99/99
2019-10-21 06:37:50 - INFO - Learning rate [1.0000000000000003e-05]
2019-10-21 06:46:24 - INFO - 	train loss: 0.2319, train accuracy: 0.9385
2019-10-21 06:47:24 - INFO - 	val loss: 0.7347, val accuracy: 0.8533
2019-10-21 06:47:24 - INFO - Best validation accuracy: 0.856040
