root - INFO - Namespace(batch_size=1024, epochs=100, logs_folder='logs', lr_step_gamma=0.1, lr_step_size=30, plots_folder='plots', train_data='./../../data/food-101/food-101/train_val_test/', trained_models_folder='trained_models')
root - INFO - Train size 70700, Val size 15150, Test size 15150
root - INFO - Class names:['apple_pie', 'baby_back_ribs', 'baklava', 'beef_carpaccio', 'beef_tartare', 'beet_salad', 'beignets', 'bibimbap', 'bread_pudding', 'breakfast_burrito', 'bruschetta', 'caesar_salad', 'cannoli', 'caprese_salad', 'carrot_cake', 'ceviche', 'cheese_plate', 'cheesecake', 'chicken_curry', 'chicken_quesadilla', 'chicken_wings', 'chocolate_cake', 'chocolate_mousse', 'churros', 'clam_chowder', 'club_sandwich', 'crab_cakes', 'creme_brulee', 'croque_madame', 'cup_cakes', 'deviled_eggs', 'donuts', 'dumplings', 'edamame', 'eggs_benedict', 'escargots', 'falafel', 'filet_mignon', 'fish_and_chips', 'foie_gras', 'french_fries', 'french_onion_soup', 'french_toast', 'fried_calamari', 'fried_rice', 'frozen_yogurt', 'garlic_bread', 'gnocchi', 'greek_salad', 'grilled_cheese_sandwich', 'grilled_salmon', 'guacamole', 'gyoza', 'hamburger', 'hot_and_sour_soup', 'hot_dog', 'huevos_rancheros', 'hummus', 'ice_cream', 'lasagna', 'lobster_bisque', 'lobster_roll_sandwich', 'macaroni_and_cheese', 'macarons', 'miso_soup', 'mussels', 'nachos', 'omelette', 'onion_rings', 'oysters', 'pad_thai', 'paella', 'pancakes', 'panna_cotta', 'peking_duck', 'pho', 'pizza', 'pork_chop', 'poutine', 'prime_rib', 'pulled_pork_sandwich', 'ramen', 'ravioli', 'red_velvet_cake', 'risotto', 'samosa', 'sashimi', 'scallops', 'seaweed_salad', 'shrimp_and_grits', 'spaghetti_bolognese', 'spaghetti_carbonara', 'spring_rolls', 'steak', 'strawberry_shortcake', 'sushi', 'tacos', 'takoyaki', 'tiramisu', 'tuna_tartare', 'waffles']
root - INFO - Total number of GPUs:8
root - INFO - Using 8 GPUs.
root - INFO - 
Epoch 0/99
root - INFO - Learning rate [0.01]
root - INFO - 	train loss: 3.7618, train accuracy: 0.2025
root - INFO - 	val loss: 2.1910, val accuracy: 0.4837
root - INFO - 
Epoch 1/99
root - INFO - Learning rate [0.01]
root - INFO - 	train loss: 2.0377, train accuracy: 0.5080
root - INFO - 	val loss: 1.3622, val accuracy: 0.6403
root - INFO - 
Epoch 2/99
root - INFO - Learning rate [0.01]
root - INFO - 	train loss: 1.5219, train accuracy: 0.6120
root - INFO - 	val loss: 1.1427, val accuracy: 0.6976
root - INFO - 
Epoch 3/99
root - INFO - Learning rate [0.01]
root - INFO - 	train loss: 1.3063, train accuracy: 0.6632
root - INFO - 	val loss: 0.9673, val accuracy: 0.7381
root - INFO - 
Epoch 4/99
root - INFO - Learning rate [0.01]
root - INFO - 	train loss: 1.1775, train accuracy: 0.6929
root - INFO - 	val loss: 1.0567, val accuracy: 0.7177
root - INFO - 
Epoch 5/99
root - INFO - Learning rate [0.01]
root - INFO - 	train loss: 1.1007, train accuracy: 0.7122
root - INFO - 	val loss: 1.0079, val accuracy: 0.7259
root - INFO - 
Epoch 6/99
root - INFO - Learning rate [0.01]
root - INFO - 	train loss: 1.0332, train accuracy: 0.7301
root - INFO - 	val loss: 0.8945, val accuracy: 0.7570
root - INFO - 
Epoch 7/99
root - INFO - Learning rate [0.01]
root - INFO - 	train loss: 0.9754, train accuracy: 0.7429
root - INFO - 	val loss: 0.8516, val accuracy: 0.7688
root - INFO - 
Epoch 8/99
root - INFO - Learning rate [0.01]
root - INFO - 	train loss: 0.9246, train accuracy: 0.7560
root - INFO - 	val loss: 0.8417, val accuracy: 0.7752
root - INFO - 
Epoch 9/99
root - INFO - Learning rate [0.01]
root - INFO - 	train loss: 0.8895, train accuracy: 0.7653
root - INFO - 	val loss: 0.7478, val accuracy: 0.7993
root - INFO - 
Epoch 10/99
root - INFO - Learning rate [0.01]
root - INFO - 	train loss: 0.8459, train accuracy: 0.7750
root - INFO - 	val loss: 0.7721, val accuracy: 0.7857
root - INFO - 
Epoch 11/99
root - INFO - Learning rate [0.01]
root - INFO - 	train loss: 0.8179, train accuracy: 0.7810
root - INFO - 	val loss: 0.7421, val accuracy: 0.7997
root - INFO - 
Epoch 12/99
root - INFO - Learning rate [0.01]
root - INFO - 	train loss: 0.7873, train accuracy: 0.7909
root - INFO - 	val loss: 0.7599, val accuracy: 0.7955
root - INFO - 
Epoch 13/99
root - INFO - Learning rate [0.01]
root - INFO - 	train loss: 0.7607, train accuracy: 0.7977
root - INFO - 	val loss: 0.8130, val accuracy: 0.7846
root - INFO - 
Epoch 14/99
root - INFO - Learning rate [0.01]
root - INFO - 	train loss: 0.7444, train accuracy: 0.8002
root - INFO - 	val loss: 0.7797, val accuracy: 0.7951
root - INFO - 
Epoch 15/99
root - INFO - Learning rate [0.01]
root - INFO - 	train loss: 0.7179, train accuracy: 0.8079
root - INFO - 	val loss: 0.7504, val accuracy: 0.8023
root - INFO - 
Epoch 16/99
root - INFO - Learning rate [0.01]
root - INFO - 	train loss: 0.6827, train accuracy: 0.8169
root - INFO - 	val loss: 0.7226, val accuracy: 0.8108
root - INFO - 
Epoch 17/99
root - INFO - Learning rate [0.01]
root - INFO - 	train loss: 0.6776, train accuracy: 0.8181
root - INFO - 	val loss: 0.7853, val accuracy: 0.7976
root - INFO - 
Epoch 18/99
root - INFO - Learning rate [0.01]
root - INFO - 	train loss: 0.6609, train accuracy: 0.8229
root - INFO - 	val loss: 0.7254, val accuracy: 0.8135
root - INFO - 
Epoch 19/99
root - INFO - Learning rate [0.01]
root - INFO - 	train loss: 0.6246, train accuracy: 0.8292
root - INFO - 	val loss: 0.7221, val accuracy: 0.8125
root - INFO - 
Epoch 20/99
root - INFO - Learning rate [0.01]
root - INFO - 	train loss: 0.6146, train accuracy: 0.8343
root - INFO - 	val loss: 0.7604, val accuracy: 0.8055
root - INFO - 
Epoch 21/99
root - INFO - Learning rate [0.01]
root - INFO - 	train loss: 0.6024, train accuracy: 0.8358
root - INFO - 	val loss: 0.7782, val accuracy: 0.8057
root - INFO - 
Epoch 22/99
root - INFO - Learning rate [0.01]
root - INFO - 	train loss: 0.5917, train accuracy: 0.8399
root - INFO - 	val loss: 0.7358, val accuracy: 0.8152
root - INFO - 
Epoch 23/99
root - INFO - Learning rate [0.01]
root - INFO - 	train loss: 0.5870, train accuracy: 0.8411
root - INFO - 	val loss: 0.7704, val accuracy: 0.8098
root - INFO - 
Epoch 24/99
root - INFO - Learning rate [0.01]
root - INFO - 	train loss: 0.5703, train accuracy: 0.8463
root - INFO - 	val loss: 0.7606, val accuracy: 0.8088
root - INFO - 
Epoch 25/99
root - INFO - Learning rate [0.01]
root - INFO - 	train loss: 0.5579, train accuracy: 0.8472
root - INFO - 	val loss: 0.7681, val accuracy: 0.8119
root - INFO - 
Epoch 26/99
root - INFO - Learning rate [0.01]
root - INFO - 	train loss: 0.5617, train accuracy: 0.8477
root - INFO - 	val loss: 0.8628, val accuracy: 0.7906
root - INFO - 
Epoch 27/99
root - INFO - Learning rate [0.01]
root - INFO - 	train loss: 0.5514, train accuracy: 0.8505
root - INFO - 	val loss: 0.7923, val accuracy: 0.8041
root - INFO - 
Epoch 28/99
root - INFO - Learning rate [0.01]
root - INFO - 	train loss: 0.5296, train accuracy: 0.8561
root - INFO - 	val loss: 0.7862, val accuracy: 0.8062
root - INFO - 
Epoch 29/99
root - INFO - Learning rate [0.01]
root - INFO - 	train loss: 0.5077, train accuracy: 0.8613
root - INFO - 	val loss: 0.7815, val accuracy: 0.8141
root - INFO - 
Epoch 30/99
root - INFO - Learning rate [0.001]
root - INFO - 	train loss: 0.4357, train accuracy: 0.8824
root - INFO - 	val loss: 0.6694, val accuracy: 0.8390
root - INFO - 
Epoch 31/99
root - INFO - Learning rate [0.001]
root - INFO - 	train loss: 0.4155, train accuracy: 0.8884
root - INFO - 	val loss: 0.6608, val accuracy: 0.8395
root - INFO - 
Epoch 32/99
root - INFO - Learning rate [0.001]
root - INFO - 	train loss: 0.4059, train accuracy: 0.8905
root - INFO - 	val loss: 0.6595, val accuracy: 0.8403
root - INFO - 
Epoch 33/99
root - INFO - Learning rate [0.001]
root - INFO - 	train loss: 0.3984, train accuracy: 0.8938
root - INFO - 	val loss: 0.6611, val accuracy: 0.8405
root - INFO - 
Epoch 34/99
root - INFO - Learning rate [0.001]
root - INFO - 	train loss: 0.3962, train accuracy: 0.8929
root - INFO - 	val loss: 0.6575, val accuracy: 0.8403
root - INFO - 
Epoch 35/99
root - INFO - Learning rate [0.001]
root - INFO - 	train loss: 0.3922, train accuracy: 0.8956
root - INFO - 	val loss: 0.6625, val accuracy: 0.8421
root - INFO - 
Epoch 36/99
root - INFO - Learning rate [0.001]
root - INFO - 	train loss: 0.3847, train accuracy: 0.8968
root - INFO - 	val loss: 0.6607, val accuracy: 0.8413
root - INFO - 
Epoch 37/99
root - INFO - Learning rate [0.001]
root - INFO - 	train loss: 0.3838, train accuracy: 0.8985
root - INFO - 	val loss: 0.6585, val accuracy: 0.8423
root - INFO - 
Epoch 38/99
root - INFO - Learning rate [0.001]
root - INFO - 	train loss: 0.3758, train accuracy: 0.9010
root - INFO - 	val loss: 0.6565, val accuracy: 0.8425
root - INFO - 
Epoch 39/99
root - INFO - Learning rate [0.001]
root - INFO - 	train loss: 0.3700, train accuracy: 0.9024
root - INFO - 	val loss: 0.6615, val accuracy: 0.8420
root - INFO - 
Epoch 40/99
root - INFO - Learning rate [0.001]
root - INFO - 	train loss: 0.3620, train accuracy: 0.9045
root - INFO - 	val loss: 0.6603, val accuracy: 0.8415
root - INFO - 
Epoch 41/99
root - INFO - Learning rate [0.001]
root - INFO - 	train loss: 0.3659, train accuracy: 0.9028
root - INFO - 	val loss: 0.6532, val accuracy: 0.8428
root - INFO - 
Epoch 42/99
root - INFO - Learning rate [0.001]
root - INFO - 	train loss: 0.3646, train accuracy: 0.9035
root - INFO - 	val loss: 0.6598, val accuracy: 0.8409
root - INFO - 
Epoch 43/99
root - INFO - Learning rate [0.001]
root - INFO - 	train loss: 0.3604, train accuracy: 0.9036
root - INFO - 	val loss: 0.6722, val accuracy: 0.8388
root - INFO - 
Epoch 44/99
root - INFO - Learning rate [0.001]
root - INFO - 	train loss: 0.3571, train accuracy: 0.9055
root - INFO - 	val loss: 0.6607, val accuracy: 0.8408
root - INFO - 
Epoch 45/99
root - INFO - Learning rate [0.001]
root - INFO - 	train loss: 0.3553, train accuracy: 0.9051
root - INFO - 	val loss: 0.6673, val accuracy: 0.8430
root - INFO - 
Epoch 46/99
root - INFO - Learning rate [0.001]
root - INFO - 	train loss: 0.3604, train accuracy: 0.9050
root - INFO - 	val loss: 0.6644, val accuracy: 0.8409
root - INFO - 
Epoch 47/99
root - INFO - Learning rate [0.001]
root - INFO - 	train loss: 0.3519, train accuracy: 0.9067
root - INFO - 	val loss: 0.6635, val accuracy: 0.8434
root - INFO - 
Epoch 48/99
root - INFO - Learning rate [0.001]
root - INFO - 	train loss: 0.3498, train accuracy: 0.9068
root - INFO - 	val loss: 0.6640, val accuracy: 0.8413
root - INFO - 
Epoch 49/99
root - INFO - Learning rate [0.001]
root - INFO - 	train loss: 0.3482, train accuracy: 0.9078
root - INFO - 	val loss: 0.6661, val accuracy: 0.8427
root - INFO - 
Epoch 50/99
root - INFO - Learning rate [0.001]
root - INFO - 	train loss: 0.3443, train accuracy: 0.9078
root - INFO - 	val loss: 0.6621, val accuracy: 0.8432
root - INFO - 
Epoch 51/99
root - INFO - Learning rate [0.001]
root - INFO - 	train loss: 0.3472, train accuracy: 0.9088
root - INFO - 	val loss: 0.6686, val accuracy: 0.8432
root - INFO - 
Epoch 52/99
root - INFO - Learning rate [0.001]
root - INFO - 	train loss: 0.3410, train accuracy: 0.9102
root - INFO - 	val loss: 0.6613, val accuracy: 0.8428
root - INFO - 
Epoch 53/99
root - INFO - Learning rate [0.001]
root - INFO - 	train loss: 0.3454, train accuracy: 0.9086
root - INFO - 	val loss: 0.6678, val accuracy: 0.8419
root - INFO - 
Epoch 54/99
root - INFO - Learning rate [0.001]
root - INFO - 	train loss: 0.3375, train accuracy: 0.9108
root - INFO - 	val loss: 0.6714, val accuracy: 0.8438
root - INFO - 
Epoch 55/99
root - INFO - Learning rate [0.001]
root - INFO - 	train loss: 0.3373, train accuracy: 0.9113
root - INFO - 	val loss: 0.6622, val accuracy: 0.8426
root - INFO - 
Epoch 56/99
root - INFO - Learning rate [0.001]
root - INFO - 	train loss: 0.3426, train accuracy: 0.9095
root - INFO - 	val loss: 0.6676, val accuracy: 0.8424
root - INFO - 
Epoch 57/99
root - INFO - Learning rate [0.001]
root - INFO - 	train loss: 0.3345, train accuracy: 0.9116
root - INFO - 	val loss: 0.6590, val accuracy: 0.8434
root - INFO - 
Epoch 58/99
root - INFO - Learning rate [0.001]
root - INFO - 	train loss: 0.3355, train accuracy: 0.9106
root - INFO - 	val loss: 0.6719, val accuracy: 0.8413
root - INFO - 
Epoch 59/99
root - INFO - Learning rate [0.001]
root - INFO - 	train loss: 0.3326, train accuracy: 0.9123
root - INFO - 	val loss: 0.6662, val accuracy: 0.8434
root - INFO - 
Epoch 60/99
root - INFO - Learning rate [0.00010000000000000002]
root - INFO - 	train loss: 0.3215, train accuracy: 0.9151
root - INFO - 	val loss: 0.6671, val accuracy: 0.8437
root - INFO - 
Epoch 61/99
root - INFO - Learning rate [0.00010000000000000002]
root - INFO - 	train loss: 0.3217, train accuracy: 0.9153
root - INFO - 	val loss: 0.6641, val accuracy: 0.8440
root - INFO - 
Epoch 62/99
root - INFO - Learning rate [0.00010000000000000002]
root - INFO - 	train loss: 0.3264, train accuracy: 0.9131
root - INFO - 	val loss: 0.6665, val accuracy: 0.8440
root - INFO - 
Epoch 63/99
root - INFO - Learning rate [0.00010000000000000002]
root - INFO - 	train loss: 0.3279, train accuracy: 0.9140
root - INFO - 	val loss: 0.6679, val accuracy: 0.8436
root - INFO - 
Epoch 64/99
root - INFO - Learning rate [0.00010000000000000002]
root - INFO - 	train loss: 0.3252, train accuracy: 0.9147
root - INFO - 	val loss: 0.6630, val accuracy: 0.8436
root - INFO - 
Epoch 65/99
root - INFO - Learning rate [0.00010000000000000002]
root - INFO - 	train loss: 0.3302, train accuracy: 0.9126
root - INFO - 	val loss: 0.6623, val accuracy: 0.8440
root - INFO - 
Epoch 66/99
root - INFO - Learning rate [0.00010000000000000002]
root - INFO - 	train loss: 0.3260, train accuracy: 0.9130
root - INFO - 	val loss: 0.6710, val accuracy: 0.8445
root - INFO - 
Epoch 67/99
root - INFO - Learning rate [0.00010000000000000002]
root - INFO - 	train loss: 0.3222, train accuracy: 0.9149
root - INFO - 	val loss: 0.6624, val accuracy: 0.8435
root - INFO - 
Epoch 68/99
root - INFO - Learning rate [0.00010000000000000002]
root - INFO - 	train loss: 0.3269, train accuracy: 0.9142
root - INFO - 	val loss: 0.6694, val accuracy: 0.8424
root - INFO - 
Epoch 69/99
root - INFO - Learning rate [0.00010000000000000002]
root - INFO - 	train loss: 0.3253, train accuracy: 0.9142
root - INFO - 	val loss: 0.6632, val accuracy: 0.8439
root - INFO - 
Epoch 70/99
root - INFO - Learning rate [0.00010000000000000002]
root - INFO - 	train loss: 0.3238, train accuracy: 0.9139
root - INFO - 	val loss: 0.6647, val accuracy: 0.8449
root - INFO - 
Epoch 71/99
root - INFO - Learning rate [0.00010000000000000002]
root - INFO - 	train loss: 0.3266, train accuracy: 0.9142
root - INFO - 	val loss: 0.6684, val accuracy: 0.8445
root - INFO - 
Epoch 72/99
root - INFO - Learning rate [0.00010000000000000002]
root - INFO - 	train loss: 0.3297, train accuracy: 0.9128
root - INFO - 	val loss: 0.6685, val accuracy: 0.8442
root - INFO - 
Epoch 73/99
root - INFO - Learning rate [0.00010000000000000002]
root - INFO - 	train loss: 0.3199, train accuracy: 0.9159
root - INFO - 	val loss: 0.6698, val accuracy: 0.8432
root - INFO - 
Epoch 74/99
root - INFO - Learning rate [0.00010000000000000002]
root - INFO - 	train loss: 0.3192, train accuracy: 0.9155
root - INFO - 	val loss: 0.6675, val accuracy: 0.8465
root - INFO - 
Epoch 75/99
root - INFO - Learning rate [0.00010000000000000002]
root - INFO - 	train loss: 0.3234, train accuracy: 0.9137
root - INFO - 	val loss: 0.6666, val accuracy: 0.8442
root - INFO - 
Epoch 76/99
root - INFO - Learning rate [0.00010000000000000002]
root - INFO - 	train loss: 0.3235, train accuracy: 0.9143
root - INFO - 	val loss: 0.6642, val accuracy: 0.8435
root - INFO - 
Epoch 77/99
root - INFO - Learning rate [0.00010000000000000002]
root - INFO - 	train loss: 0.3246, train accuracy: 0.9142
root - INFO - 	val loss: 0.6700, val accuracy: 0.8428
root - INFO - 
Epoch 78/99
root - INFO - Learning rate [0.00010000000000000002]
root - INFO - 	train loss: 0.3224, train accuracy: 0.9151
root - INFO - 	val loss: 0.6697, val accuracy: 0.8447
root - INFO - 
Epoch 79/99
root - INFO - Learning rate [0.00010000000000000002]
root - INFO - 	train loss: 0.3199, train accuracy: 0.9149
root - INFO - 	val loss: 0.6696, val accuracy: 0.8446
root - INFO - 
Epoch 80/99
root - INFO - Learning rate [0.00010000000000000002]
root - INFO - 	train loss: 0.3237, train accuracy: 0.9135
root - INFO - 	val loss: 0.6713, val accuracy: 0.8445
root - INFO - 
Epoch 81/99
root - INFO - Learning rate [0.00010000000000000002]
root - INFO - 	train loss: 0.3197, train accuracy: 0.9153
root - INFO - 	val loss: 0.6686, val accuracy: 0.8440
root - INFO - 
Epoch 82/99
root - INFO - Learning rate [0.00010000000000000002]
root - INFO - 	train loss: 0.3214, train accuracy: 0.9151
root - INFO - 	val loss: 0.6645, val accuracy: 0.8450
root - INFO - 
Epoch 83/99
root - INFO - Learning rate [0.00010000000000000002]
root - INFO - 	train loss: 0.3248, train accuracy: 0.9147
root - INFO - 	val loss: 0.6672, val accuracy: 0.8436
root - INFO - 
Epoch 84/99
root - INFO - Learning rate [0.00010000000000000002]
root - INFO - 	train loss: 0.3158, train accuracy: 0.9166
root - INFO - 	val loss: 0.6711, val accuracy: 0.8448
root - INFO - 
Epoch 85/99
root - INFO - Learning rate [0.00010000000000000002]
root - INFO - 	train loss: 0.3193, train accuracy: 0.9158
root - INFO - 	val loss: 0.6648, val accuracy: 0.8432
root - INFO - 
Epoch 86/99
root - INFO - Learning rate [0.00010000000000000002]
root - INFO - 	train loss: 0.3191, train accuracy: 0.9164
root - INFO - 	val loss: 0.6712, val accuracy: 0.8442
root - INFO - 
Epoch 87/99
root - INFO - Learning rate [0.00010000000000000002]
root - INFO - 	train loss: 0.3188, train accuracy: 0.9158
root - INFO - 	val loss: 0.6678, val accuracy: 0.8436
root - INFO - 
Epoch 88/99
root - INFO - Learning rate [0.00010000000000000002]
root - INFO - 	train loss: 0.3209, train accuracy: 0.9162
root - INFO - 	val loss: 0.6693, val accuracy: 0.8444
root - INFO - 
Epoch 89/99
root - INFO - Learning rate [0.00010000000000000002]
root - INFO - 	train loss: 0.3173, train accuracy: 0.9165
root - INFO - 	val loss: 0.6685, val accuracy: 0.8444
root - INFO - 
Epoch 90/99
root - INFO - Learning rate [1.0000000000000003e-05]
root - INFO - 	train loss: 0.3237, train accuracy: 0.9139
root - INFO - 	val loss: 0.6673, val accuracy: 0.8423
root - INFO - 
Epoch 91/99
root - INFO - Learning rate [1.0000000000000003e-05]
root - INFO - 	train loss: 0.3186, train accuracy: 0.9161
root - INFO - 	val loss: 0.6704, val accuracy: 0.8435
root - INFO - 
Epoch 92/99
root - INFO - Learning rate [1.0000000000000003e-05]
root - INFO - 	train loss: 0.3225, train accuracy: 0.9138
root - INFO - 	val loss: 0.6697, val accuracy: 0.8434
root - INFO - 
Epoch 93/99
root - INFO - Learning rate [1.0000000000000003e-05]
root - INFO - 	train loss: 0.3193, train accuracy: 0.9158
root - INFO - 	val loss: 0.6750, val accuracy: 0.8434
root - INFO - 
Epoch 94/99
root - INFO - Learning rate [1.0000000000000003e-05]
root - INFO - 	train loss: 0.3173, train accuracy: 0.9164
root - INFO - 	val loss: 0.6673, val accuracy: 0.8440
root - INFO - 
Epoch 95/99
root - INFO - Learning rate [1.0000000000000003e-05]
root - INFO - 	train loss: 0.3186, train accuracy: 0.9160
root - INFO - 	val loss: 0.6663, val accuracy: 0.8442
root - INFO - 
Epoch 96/99
root - INFO - Learning rate [1.0000000000000003e-05]
root - INFO - 	train loss: 0.3217, train accuracy: 0.9165
root - INFO - 	val loss: 0.6698, val accuracy: 0.8444
root - INFO - 
Epoch 97/99
root - INFO - Learning rate [1.0000000000000003e-05]
root - INFO - 	train loss: 0.3179, train accuracy: 0.9161
root - INFO - 	val loss: 0.6708, val accuracy: 0.8425
root - INFO - 
Epoch 98/99
root - INFO - Learning rate [1.0000000000000003e-05]
root - INFO - 	train loss: 0.3242, train accuracy: 0.9148
root - INFO - 	val loss: 0.6705, val accuracy: 0.8456
root - INFO - 
Epoch 99/99
root - INFO - Learning rate [1.0000000000000003e-05]
root - INFO - 	train loss: 0.3161, train accuracy: 0.9177
root - INFO - 	val loss: 0.6661, val accuracy: 0.8452
root - INFO - Best validation accuracy: 0.846469
